<?xml version="1.0" encoding="UTF-8"?>
<!-- Generated by org.testng.reporters.JUnitReportReporter -->
<testsuite skipped="0" hostname="DESKTOP-E69K95O" name="testScripts.Testing" tests="4" failures="0" timestamp="2021-07-05T16:53:50 EDT" time="3.948" errors="0">
  <testcase name="landingPage" time="0.807" classname="testScripts.Testing"/>
  <system-out/>
  <testcase name="accountPage" time="0.158" classname="testScripts.Testing"/>
  <system-out/>
  <testcase name="registrationPage" time="2.948" classname="testScripts.Testing"/>
  <system-out/>
  <testcase name="userHomePage" time="0.035" classname="testScripts.Testing"/>
  <system-out/>
</testsuite> <!-- testScripts.Testing -->
